2025-11-11 00:33:39.628 [main] INFO  org.rzsp.filemanager.Main - Application is started
2025-11-11 13:23:44.006 [main] INFO  org.rzsp.filemanager.Main - Application is started
2025-11-11 13:23:49.529 [main] INFO  org.rzsp.filemanager.Main - Application is ended
2025-11-11 13:28:19.180 [main] INFO  org.rzsp.filemanager.Main - Application is started
2025-11-11 13:28:46.596 [main] DEBUG org.rzsp.filemanager.functions.GetSizeOfDirectory - Initializing get directory constructor
2025-11-11 13:28:46.602 [main] ERROR org.rzsp.filemanager.FileManagerUI - Error getting size: /home/nokk/something/hhi must be a directory
2025-11-11 13:28:55.974 [main] INFO  org.rzsp.filemanager.Main - Application is ended
2025-11-11 13:40:33.553 [main] INFO  org.rzsp.filemanager.Main - Application is started
2025-11-11 13:40:37.317 [main] INFO  org.rzsp.filemanager.FileManagerUI - User input was wrong
2025-11-11 13:40:40.720 [main] INFO  org.rzsp.filemanager.FileManagerUI - User choice: 2
2025-11-11 13:40:43.819 [main] DEBUG org.rzsp.filemanager.functions.GetSizeOfDirectory - Initializing get directory constructor
2025-11-11 13:40:43.827 [main] ERROR org.rzsp.filemanager.FileManagerUI - Error getting size: /home/nokk/something/hdgfhdfg must be a directory
2025-11-11 13:40:52.388 [main] ERROR org.rzsp.filemanager.Main - Application error: No line found
2025-11-11 13:40:52.388 [main] INFO  org.rzsp.filemanager.Main - Application is ended
2025-11-11 14:40:00.639 [main] INFO  org.rzsp.filemanager.Main - Application is started
2025-11-11 14:40:03.833 [main] INFO  org.rzsp.filemanager.FileManagerUI - User choice: 2
2025-11-11 14:40:38.047 [main] DEBUG org.rzsp.filemanager.functions.GetSizeOfDirectory - Initializing get directory constructor
2025-11-11 14:40:38.047 [main] DEBUG org.rzsp.filemanager.functions.GetSizeOfDirectory - Get directory constructor is successfully initializing
2025-11-11 14:40:38.047 [main] DEBUG org.rzsp.filemanager.functions.GetSizeOfDirectory - Starting getting size of all files in directory
2025-11-11 14:40:38.053 [main] DEBUG org.rzsp.filemanager.functions.GetSizeOfDirectory - Getting size of all files in directory is ended successfully
2025-11-11 14:40:53.237 [main] INFO  org.rzsp.filemanager.FileManagerUI - User choice: 2
2025-11-11 14:40:57.964 [main] DEBUG org.rzsp.filemanager.functions.GetSizeOfDirectory - Initializing get directory constructor
2025-11-11 14:40:57.965 [main] DEBUG org.rzsp.filemanager.functions.GetSizeOfDirectory - Get directory constructor is successfully initializing
2025-11-11 14:40:57.965 [main] DEBUG org.rzsp.filemanager.functions.GetSizeOfDirectory - Starting getting size of all files in directory
2025-11-11 14:40:57.977 [main] DEBUG org.rzsp.filemanager.functions.GetSizeOfDirectory - Getting size of all files in directory is ended successfully
2025-11-11 14:41:01.390 [main] INFO  org.rzsp.filemanager.FileManagerUI - User choice: 2
2025-11-11 14:41:06.218 [main] DEBUG org.rzsp.filemanager.functions.GetSizeOfDirectory - Initializing get directory constructor
2025-11-11 14:41:06.219 [main] DEBUG org.rzsp.filemanager.functions.GetSizeOfDirectory - Get directory constructor is successfully initializing
2025-11-11 14:41:06.219 [main] DEBUG org.rzsp.filemanager.functions.GetSizeOfDirectory - Starting getting size of all files in directory
2025-11-11 14:41:06.236 [main] DEBUG org.rzsp.filemanager.functions.GetSizeOfDirectory - Getting size of all files in directory is ended successfully
2025-11-11 14:41:09.455 [main] INFO  org.rzsp.filemanager.FileManagerUI - User exiting application
2025-11-11 14:41:09.456 [main] INFO  org.rzsp.filemanager.Main - Application is ended
2025-11-11 15:14:09.128 [Test worker] DEBUG org.rzsp.filemanager.functions.CopyingFile - Initializing copying file constructor
2025-11-11 15:14:09.130 [Test worker] DEBUG org.rzsp.filemanager.validators.CopyingFileValidator - Validating source path: /tmp/tempDir12623490738514753482
2025-11-11 15:14:09.130 [Test worker] DEBUG org.rzsp.filemanager.validators.CopyingFileValidator - Validation for source path is successful
2025-11-11 15:14:09.130 [Test worker] DEBUG org.rzsp.filemanager.validators.CopyingFileValidator - Validation destination path: /tmp/tempDir12623490738514753482
2025-11-11 15:14:09.130 [Test worker] DEBUG org.rzsp.filemanager.validators.CopyingFileValidator - Validation for destination path is successful
2025-11-11 15:14:14.286 [Test worker] DEBUG org.rzsp.filemanager.validators.CopyingFileValidator - Validation destination path:    
2025-11-11 15:14:14.291 [Test worker] DEBUG org.rzsp.filemanager.validators.CopyingFileValidator - Validating source path: no_exist_file_txt
2025-11-11 15:14:14.295 [Test worker] DEBUG org.rzsp.filemanager.validators.CopyingFileValidator - Validation destination path: 
2025-11-11 15:14:14.297 [Test worker] DEBUG org.rzsp.filemanager.validators.CopyingFileValidator - Validation destination path: /tmp/dir14311704159570795076
2025-11-11 15:14:14.298 [Test worker] DEBUG org.rzsp.filemanager.validators.CopyingFileValidator - Validation for destination path is successful
2025-11-11 15:14:14.300 [Test worker] DEBUG org.rzsp.filemanager.validators.CopyingFileValidator - Validation destination path: null
2025-11-11 15:14:14.301 [Test worker] DEBUG org.rzsp.filemanager.validators.CopyingFileValidator - Validating source path: 
2025-11-11 15:14:14.303 [Test worker] DEBUG org.rzsp.filemanager.validators.CopyingFileValidator - Validating source path: null
2025-11-11 15:14:14.304 [Test worker] DEBUG org.rzsp.filemanager.validators.CopyingFileValidator - Validating source path:     
2025-11-11 15:14:14.306 [Test worker] DEBUG org.rzsp.filemanager.validators.CopyingFileValidator - Validating source path: /tmp/text14155972932645865774.txt
2025-11-11 15:14:14.306 [Test worker] DEBUG org.rzsp.filemanager.validators.CopyingFileValidator - Validation for source path is successful
2025-11-11 20:24:37.848 [Test worker] DEBUG org.rzsp.filemanager.functions.CopyingFile - Initializing copying file constructor
2025-11-11 20:24:37.850 [Test worker] DEBUG org.rzsp.filemanager.validators.CopyingFileValidator - Validating source path: /tmp/tempDir14101928156987297259
2025-11-11 20:24:37.850 [Test worker] DEBUG org.rzsp.filemanager.validators.CopyingFileValidator - Validation for source path is successful
2025-11-11 20:24:37.850 [Test worker] DEBUG org.rzsp.filemanager.validators.CopyingFileValidator - Validation destination path: /tmp/tempDir14101928156987297259
2025-11-11 20:24:37.850 [Test worker] DEBUG org.rzsp.filemanager.validators.CopyingFileValidator - Validation for destination path is successful
2025-11-11 20:24:37.856 [Test worker] DEBUG org.rzsp.filemanager.validators.CopyingFileValidator - Validation destination path:    
2025-11-11 20:24:37.857 [Test worker] DEBUG org.rzsp.filemanager.validators.CopyingFileValidator - Validating source path: no_exist_file_txt
2025-11-11 20:24:37.860 [Test worker] DEBUG org.rzsp.filemanager.validators.CopyingFileValidator - Validation destination path: 
2025-11-11 20:24:37.861 [Test worker] DEBUG org.rzsp.filemanager.validators.CopyingFileValidator - Validation destination path: /tmp/dir15124613221064446484
2025-11-11 20:24:37.861 [Test worker] DEBUG org.rzsp.filemanager.validators.CopyingFileValidator - Validation for destination path is successful
2025-11-11 20:24:37.863 [Test worker] DEBUG org.rzsp.filemanager.validators.CopyingFileValidator - Validation destination path: null
2025-11-11 20:24:37.864 [Test worker] DEBUG org.rzsp.filemanager.validators.CopyingFileValidator - Validating source path: 
2025-11-11 20:24:37.865 [Test worker] DEBUG org.rzsp.filemanager.validators.CopyingFileValidator - Validating source path: null
2025-11-11 20:24:37.866 [Test worker] DEBUG org.rzsp.filemanager.validators.CopyingFileValidator - Validating source path:     
2025-11-11 20:24:37.867 [Test worker] DEBUG org.rzsp.filemanager.validators.CopyingFileValidator - Validating source path: /tmp/text6161570262836973246.txt
2025-11-11 20:24:37.868 [Test worker] DEBUG org.rzsp.filemanager.validators.CopyingFileValidator - Validation for source path is successful
